<?xml version="1.0" encoding="UTF-8"?>
<!-- Generated by org.testng.reporters.JUnitReportReporter -->
<testsuite skipped="0" hostname="Arjun" name="com.qa.pom.testCases.LoginPageTest" tests="3" failures="0" timestamp="25 Aug 2018 17:09:49 GMT" time="67.743" errors="0">
  <testcase name="loginPageTitleTest" time="17.300" classname="com.qa.pom.testCases.LoginPageTest"/>
  <testcase name="crmImageTest" time="18.438" classname="com.qa.pom.testCases.LoginPageTest"/>
  <testcase name="loginTest" time="32.005" classname="com.qa.pom.testCases.LoginPageTest"/>
</testsuite> <!-- com.qa.pom.testCases.LoginPageTest -->
